IQ-TREE multicore version 2.2.0.7.mix COVID-edition for Linux 64-bit built Aug 19 2022
Developed by Bui Quang Minh, James Barbetti, Nguyen Lam Tung,
Olga Chernomor, Heiko Schmidt, Dominik Schrempf, Michael Woodhams, Ly Trong Nhan.

Host:    pop-os (AVX512, FMA3, 15 GB RAM)
Command: /home/fredjaya/Downloads/iqtree-2.2.0.7.mix-Linux/bin/iqtree2 -s ../2207_lytras/78sarbeco_wgal_fn_gisaid.fas -te rates_i0_hmmclasses.treefile -pre rates_i0_mast_T -wslmr -wspmr -alninfo -nt AUTO -m TMIX{GTR+FO+G,GTR+FO+G,GTR+FO+G,GTR+FO+G}+T
Seed:    752696 (Using SPRNG - Scalable Parallel Random Number Generator)
Time:    Wed Aug 24 15:24:50 2022
Kernel:  AVX+FMA - auto-detect threads (16 CPU cores detected)

Reading alignment file ../2207_lytras/78sarbeco_wgal_fn_gisaid.fas ... Fasta format detected
Reading fasta file: done in 0.0257414 secs using 92.93% CPU
Alignment most likely contains DNA/RNA sequences
Constructing alignment: done in 0.0967681 secs using 254% CPU
WARNING: 13 sites contain only gaps or ambiguous characters.
Alignment has 78 sequences with 30956 columns, 12461 distinct patterns
13321 parsimony-informative, 1786 singleton sites, 15848 constant sites
                             Gap/Ambiguity  Composition  p-value
Analyzing sequences: done in 0.0245992 secs using 904.8% CPU
   1  RpShaanxi2011|JX993987         4.75%    failed      0.01%
   2  HuB2013|KJ473814               4.19%    failed      0.15%
   3  279_2005|DQ648857              3.92%    passed      7.86%
   4  Rm1|DQ412043                   3.90%    passed      6.49%
   5  Longquan_140|KF294457          4.13%    passed     46.61%
   6  HKU3-1|DQ022305                3.96%    passed      8.43%
   7  HKU3-3|DQ084200                4.02%    passed      8.17%
   8  HKU3-2|DQ084199                4.10%    passed      5.83%
   9  HKU3-4|GQ153539                4.04%    passed      5.46%
  10  HKU3-6|GQ153541                4.04%    passed      5.25%
  11  HKU3-5|GQ153540                4.04%    passed      5.82%
  12  HKU3-10|GQ153545               4.07%    passed      6.24%
  13  HKU3-9|GQ153544                4.07%    passed      6.39%
  14  HKU3-11|GQ153546               4.07%    passed      6.10%
  15  HKU3-13|GQ153548               4.13%    passed      5.88%
  16  HKU3-12|GQ153547               4.04%    passed     11.84%
  17  HKU3-7|GQ153542                4.00%    passed      7.87%
  18  HKU3-8|GQ153543                4.12%    passed      8.42%
  19  GX2013|KJ473815                5.75%    passed     39.15%
  20  Rp3|DQ071615                   3.94%    passed     28.20%
  21  Rf4092|KY417145                4.02%    failed      1.66%
  22  YN2013|KJ473816                5.86%    passed      9.19%
  23  Anlong-103|KY770858            4.09%    passed     12.23%
  24  Anlong-112|KY770859            4.16%    passed     10.95%
  25  Rs4231|KY417146                3.79%    passed     24.64%
  26  WIV16|KT444582                 2.15%    passed     30.82%
  27  Rs4874|KY417150                2.08%    passed     33.74%
  28  YN2018B|MK211376               2.26%    passed     35.63%
  29  Rs7327|KY417151                2.09%    passed     34.40%
  30  Rs9401|KY417152                3.83%    passed     46.80%
  31  RsSHC014|KC881005              3.78%    passed     27.12%
  32  Rs3367|KC881006                3.76%    passed     49.33%
  33  WIV1|KF367457                  2.09%    passed     55.17%
  34  Rs4084|KY417144                3.83%    passed     21.00%
  35  YN2018C|MK211377               4.09%    passed      7.33%
  36  As6526|KY417142                3.97%    passed      9.57%
  37  Rs4237|KY417147                3.92%    passed     23.15%
  38  Rs4247|KY417148                3.92%    passed     19.04%
  39  YN2018A|MK211375               4.06%    passed     10.99%
  40  YN2018D|MK211378               2.40%    passed     10.98%
  41  Rs4081|KY417143                3.92%    passed      9.91%
  42  Rs4255|KY417149                3.92%    passed     17.49%
  43  Rs672|FJ588686                 6.12%    passed     10.15%
  44  HSZ-Cc|AY394995                3.84%    passed     55.60%
  45  F46|KU973692                   3.98%    passed      5.90%
  46  YNLF_31C|KP886808              3.98%    passed     67.12%
  47  YNLF_34C|KP886809              3.98%    passed     66.92%
  48  LYRa11|KF569996                3.71%    passed     68.53%
  49  Yunnan2011|JX993988            4.86%    passed     41.80%
  50  SC2018|MK211374                4.22%    passed     32.69%
  51  JL2012|KJ473811                6.20%    passed     21.36%
  52  JTMC15|KU182964                7.09%    passed     19.55%
  53  HeB2013|KJ473812               4.88%    passed     18.73%
  54  SX2013|KJ473813                4.83%    passed     20.26%
  55  Jiyuan-84|KY770860             4.21%    passed     10.34%
  56  Rf1|DQ412042                   4.03%    passed      7.56%
  57  CoVZC45|MG772933               3.72%    failed      0.00%
  58  CoVZXC21|MG772934              3.95%    failed      0.00%
  59  PrC31|MW703458                 3.92%    failed      0.00%
  60  Wuhan-Hu-1|MN908947            3.40%    failed      0.00%
  61  RaTG13|MN996532                3.55%    failed      0.00%
  62  RShSTT182|EPI_ISL_852604       3.78%    failed      0.00%
  63  RShSTT200|EPI_ISL_852605       3.76%    failed      0.00%
  64  RmYN02|EPI_ISL_412977          4.15%    failed      0.00%
  65  Pangolin-CoV|EPI_ISL_410721    3.65%    failed      0.00%
  66  RpYN06|MZ081381                3.75%    failed      0.00%
  67  RacCS203|MW251308              3.81%    failed      0.00%
  68  P4L|MT040333                   3.71%    failed      0.00%
  69  P5L|MT040335                   3.71%    failed      0.00%
  70  P5E|MT040336                   3.72%    failed      0.00%
  71  P1E|MT040334                   3.73%    failed      0.00%
  72  P2V|MT072864                   3.78%    failed      0.00%
  73  Rc-o319|LC556375               4.00%    failed      0.98%
  74  BtKY72|KY352407                5.48%    failed      0.00%
  75  BM48-31|NC_014470              5.48%    failed      0.02%
  76  RsYN04|MZ081380                4.02%    failed      3.04%
  77  RmYN05|MZ081376                4.02%    failed      3.00%
  78  RmYN08|MZ081378                4.02%    failed      3.22%
****  TOTAL                          4.03%  25 sequences failed composition chi2 test (p-value<5%; df=3)
Alignment sites statistics printed to rates_i0_mast_T.alninfo
Tree-mixture model
Number of input trees: 4
Number of input trees: 4
Checking for duplicate sequences: done in 0.0401589 secs using 734.8% CPU





Unlinked substitution models:
   GTR+FO
   GTR+FO
   GTR+FO
   GTR+FO

Unlinked RHS models:
   G
   G
   G
   G


NOTE: 504 MB RAM (0 GB) is required!
Measuring multi-threading efficiency up to 16 CPU cores
Increase to 10 rounds for branch lengths
3 trees examined
Threads: 1 / Time: 21.673 sec / Speedup: 1.000 / Efficiency: 100% / LogL: -765651
Threads: 2 / Time: 7.962 sec / Speedup: 2.722 / Efficiency: 136% / LogL: -765651
Threads: 3 / Time: 6.735 sec / Speedup: 3.218 / Efficiency: 107% / LogL: -765651
Threads: 4 / Time: 4.774 sec / Speedup: 4.540 / Efficiency: 114% / LogL: -765651
Threads: 5 / Time: 3.782 sec / Speedup: 5.730 / Efficiency: 115% / LogL: -765651
Threads: 6 / Time: 3.024 sec / Speedup: 7.167 / Efficiency: 119% / LogL: -765651
Threads: 7 / Time: 2.431 sec / Speedup: 8.916 / Efficiency: 127% / LogL: -765651
Threads: 8 / Time: 2.541 sec / Speedup: 8.531 / Efficiency: 107% / LogL: -765651
Threads: 9 / Time: 3.275 sec / Speedup: 6.618 / Efficiency: 74% / LogL: -765651
Determining AUTO threadcount: done in 56.2967 secs using 316.9% CPU
BEST NUMBER OF THREADS: 7

According to the parsimony scores along the sites, the tree weights are initialized to:
0.089,0.400,0.341,0.170
1. Initial log-likelihood: -343879.454
2. Current log-likelihood: -331845.096
3. Current log-likelihood: -331790.852
4. Current log-likelihood: -331767.760
5. Current log-likelihood: -331751.944
6. Current log-likelihood: -331739.373
7. Current log-likelihood: -331728.944
8. Current log-likelihood: -331719.548
9. Current log-likelihood: -331709.902
10. Current log-likelihood: -331698.290
11. Current log-likelihood: -331683.386
12. Current log-likelihood: -331663.972
13. Current log-likelihood: -331635.939
14. Current log-likelihood: -331600.267
15. Current log-likelihood: -331560.658
16. Current log-likelihood: -331521.425
17. Current log-likelihood: -331488.704
18. Current log-likelihood: -331463.230
19. Current log-likelihood: -331442.833
20. Current log-likelihood: -331426.377
21. Current log-likelihood: -331414.962
22. Current log-likelihood: -331408.813
23. Current log-likelihood: -331406.249
24. Current log-likelihood: -331405.321
25. Current log-likelihood: -331405.015
26. Current log-likelihood: -331404.917
27. Current log-likelihood: -331404.883
28. Current log-likelihood: -331404.862
29. Current log-likelihood: -331404.852
30. Current log-likelihood: -331404.847
31. Current log-likelihood: -331404.831
32. Current log-likelihood: -331404.827
33. Current log-likelihood: -331404.826
34. Current log-likelihood: -331404.825
Final estimation on weights:
0.063,0.605,0.276,0.056
Wrote distance file to... 
BEST SCORE FOUND : -331404.825
Site log-likelihoods per category printed to rates_i0_mast_T.sitelh
Site probabilities per category printed to rates_i0_mast_T.siteprob
Total tree lengths: 10.338 2.207 7.854 10.842

Total number of iterations: 32
CPU time used for tree search: 0.000 sec (0h:0m:0s)
Wall-clock time used for tree search: 0.001 sec (0h:0m:0s)
Total CPU time used: 71184.121 sec (19h:46m:24s)
Total wall-clock time used: 10500.215 sec (2h:55m:0s)

Analysis results written to: 
  IQ-TREE report:                rates_i0_mast_T.iqtree
  Maximum-likelihood tree:       rates_i0_mast_T.treefile
  Site log-likelihoods:          rates_i0_mast_T.sitelh
  Site probability per rate/mix: rates_i0_mast_T.siteprob
  Screen log file:               rates_i0_mast_T.log

Date and Time: Wed Aug 24 18:32:39 2022
