IQ-TREE multicore version 2.2.0.7.mix COVID-edition for Linux 64-bit built Aug 19 2022
Developed by Bui Quang Minh, James Barbetti, Nguyen Lam Tung,
Olga Chernomor, Heiko Schmidt, Dominik Schrempf, Michael Woodhams, Ly Trong Nhan.

Host:    pop-os (AVX512, FMA3, 15 GB RAM)
Command: /home/fredjaya/Downloads/iqtree-2.2.0.7.mix-Linux/bin/iqtree2 -s ../2207_lytras/78sarbeco_wgal_fn_gisaid.fas -S i0_rates.nex -pre rates_i0_hmmclasses -wslr -wspr -alninfo -nt AUTO
Seed:    126524 (Using SPRNG - Scalable Parallel Random Number Generator)
Time:    Tue Aug 23 20:02:23 2022
Kernel:  AVX+FMA - auto-detect threads (16 CPU cores detected)

Reading partition model file i0_rates.nex ...
Reading alignment file ../2207_lytras/78sarbeco_wgal_fn_gisaid.fas ... Fasta format detected
Reading fasta file: done in 0.0598288 secs using 99.97% CPU
Alignment most likely contains DNA/RNA sequences
Constructing alignment: done in 0.040152 secs using 804.5% CPU
WARNING: 13 sites contain only gaps or ambiguous characters.
Alignment has 78 sequences with 30956 columns, 12461 distinct patterns
13321 parsimony-informative, 1786 singleton sites, 15848 constant sites
                             Gap/Ambiguity  Composition  p-value
Analyzing sequences: done in 0.000701407 secs using 8417% CPU
   1  RpShaanxi2011|JX993987         4.75%    failed      0.01%
   2  HuB2013|KJ473814               4.19%    failed      0.15%
   3  279_2005|DQ648857              3.92%    passed      7.86%
   4  Rm1|DQ412043                   3.90%    passed      6.49%
   5  Longquan_140|KF294457          4.13%    passed     46.61%
   6  HKU3-1|DQ022305                3.96%    passed      8.43%
   7  HKU3-3|DQ084200                4.02%    passed      8.17%
   8  HKU3-2|DQ084199                4.10%    passed      5.83%
   9  HKU3-4|GQ153539                4.04%    passed      5.46%
  10  HKU3-6|GQ153541                4.04%    passed      5.25%
  11  HKU3-5|GQ153540                4.04%    passed      5.82%
  12  HKU3-10|GQ153545               4.07%    passed      6.24%
  13  HKU3-9|GQ153544                4.07%    passed      6.39%
  14  HKU3-11|GQ153546               4.07%    passed      6.10%
  15  HKU3-13|GQ153548               4.13%    passed      5.88%
  16  HKU3-12|GQ153547               4.04%    passed     11.84%
  17  HKU3-7|GQ153542                4.00%    passed      7.87%
  18  HKU3-8|GQ153543                4.12%    passed      8.42%
  19  GX2013|KJ473815                5.75%    passed     39.15%
  20  Rp3|DQ071615                   3.94%    passed     28.20%
  21  Rf4092|KY417145                4.02%    failed      1.66%
  22  YN2013|KJ473816                5.86%    passed      9.19%
  23  Anlong-103|KY770858            4.09%    passed     12.23%
  24  Anlong-112|KY770859            4.16%    passed     10.95%
  25  Rs4231|KY417146                3.79%    passed     24.64%
  26  WIV16|KT444582                 2.15%    passed     30.82%
  27  Rs4874|KY417150                2.08%    passed     33.74%
  28  YN2018B|MK211376               2.26%    passed     35.63%
  29  Rs7327|KY417151                2.09%    passed     34.40%
  30  Rs9401|KY417152                3.83%    passed     46.80%
  31  RsSHC014|KC881005              3.78%    passed     27.12%
  32  Rs3367|KC881006                3.76%    passed     49.33%
  33  WIV1|KF367457                  2.09%    passed     55.17%
  34  Rs4084|KY417144                3.83%    passed     21.00%
  35  YN2018C|MK211377               4.09%    passed      7.33%
  36  As6526|KY417142                3.97%    passed      9.57%
  37  Rs4237|KY417147                3.92%    passed     23.15%
  38  Rs4247|KY417148                3.92%    passed     19.04%
  39  YN2018A|MK211375               4.06%    passed     10.99%
  40  YN2018D|MK211378               2.40%    passed     10.98%
  41  Rs4081|KY417143                3.92%    passed      9.91%
  42  Rs4255|KY417149                3.92%    passed     17.49%
  43  Rs672|FJ588686                 6.12%    passed     10.15%
  44  HSZ-Cc|AY394995                3.84%    passed     55.60%
  45  F46|KU973692                   3.98%    passed      5.90%
  46  YNLF_31C|KP886808              3.98%    passed     67.12%
  47  YNLF_34C|KP886809              3.98%    passed     66.92%
  48  LYRa11|KF569996                3.71%    passed     68.53%
  49  Yunnan2011|JX993988            4.86%    passed     41.80%
  50  SC2018|MK211374                4.22%    passed     32.69%
  51  JL2012|KJ473811                6.20%    passed     21.36%
  52  JTMC15|KU182964                7.09%    passed     19.55%
  53  HeB2013|KJ473812               4.88%    passed     18.73%
  54  SX2013|KJ473813                4.83%    passed     20.26%
  55  Jiyuan-84|KY770860             4.21%    passed     10.34%
  56  Rf1|DQ412042                   4.03%    passed      7.56%
  57  CoVZC45|MG772933               3.72%    failed      0.00%
  58  CoVZXC21|MG772934              3.95%    failed      0.00%
  59  PrC31|MW703458                 3.92%    failed      0.00%
  60  Wuhan-Hu-1|MN908947            3.40%    failed      0.00%
  61  RaTG13|MN996532                3.55%    failed      0.00%
  62  RShSTT182|EPI_ISL_852604       3.78%    failed      0.00%
  63  RShSTT200|EPI_ISL_852605       3.76%    failed      0.00%
  64  RmYN02|EPI_ISL_412977          4.15%    failed      0.00%
  65  Pangolin-CoV|EPI_ISL_410721    3.65%    failed      0.00%
  66  RpYN06|MZ081381                3.75%    failed      0.00%
  67  RacCS203|MW251308              3.81%    failed      0.00%
  68  P4L|MT040333                   3.71%    failed      0.00%
  69  P5L|MT040335                   3.71%    failed      0.00%
  70  P5E|MT040336                   3.72%    failed      0.00%
  71  P1E|MT040334                   3.73%    failed      0.00%
  72  P2V|MT072864                   3.78%    failed      0.00%
  73  Rc-o319|LC556375               4.00%    failed      0.98%
  74  BtKY72|KY352407                5.48%    failed      0.00%
  75  BM48-31|NC_014470              5.48%    failed      0.02%
  76  RsYN04|MZ081380                4.02%    failed      3.04%
  77  RmYN05|MZ081376                4.02%    failed      3.00%
  78  RmYN08|MZ081378                4.02%    failed      3.22%
****  TOTAL                          4.03%  25 sequences failed composition chi2 test (p-value<5%; df=3)
NOTE: No CharPartition defined, use all CharSets

Loading 4 partitions...
Subset	Type	Seqs	Sites	Infor	Invar	Model	Name
1		78	1511	78	1314		class_1
2		78	18396	6651	10763		class_2
3		78	9150	5122	3420		class_3
4		78	1899	1470	352		class_4
Linked 78 total sequences
Alignment sites statistics printed to rates_i0_hmmclasses.alninfo

NOTE: Restoring information from model checkpoint file rates_i0_hmmclasses.model.gz

CHECKPOINT: Initial tree restored
BEST NUMBER OF THREADS: 4

Perform fast likelihood tree search using GTR+I+G model...
Estimate model parameters (epsilon = 5.000)
Perform nearest neighbor interchange...
Optimizing NNI: done in 0.0957592 secs using 384% CPU
Estimate model parameters (epsilon = 1.000)
Optimizing NNI: done in 0.319534 secs using 341.8% CPU
Estimate model parameters (epsilon = 1.000)
Optimizing NNI: done in 0.516451 secs using 304.3% CPU
Estimate model parameters (epsilon = 1.000)
Optimizing NNI: done in 0.988434 secs using 246.4% CPU
Estimate model parameters (epsilon = 1.000)
Log-likelihood: -333418.717
Time for fast ML tree search: 15.358 seconds

NOTE: ModelFinder requires 329 MB RAM!
NUMBER OF THREADS FOR PARTITION FINDING: 4
Selecting individual models for 4 charsets using BIC...
 No. Model        Score       TreeLen     Charset
   1 HKY+F+R2     8720.366    0.465       class_1
   2 GTR+F+I+R3   84689.229   9.798       class_4
WARNING: Log-likelihood -167442 of GTR+F+R9 worse than GTR+F+R8 -167336
   3 GTR+F+I+R4   241913.643  4.926       class_3
   4 GTR+F+I+R4   336283.524  2.719       class_2
Full partition model BIC score: 672842.448 (LnL: -333003.747  df:661)
Partition information was printed to rates_i0_hmmclasses.best_scheme.nex
Partition information in Raxml format was printed to rates_i0_hmmclasses.best_scheme

All model information printed to rates_i0_hmmclasses.model.gz
CPU time for ModelFinder: 1780.401 seconds (0h:29m:40s)
Wall-clock time for ModelFinder: 907.171 seconds (0h:15m:7s)

NOTE: 126 MB RAM (0 GB) is required!
BEST NUMBER OF THREADS: 4

Estimate model parameters (epsilon = 0.100)
Partition class_1 / Model: HKY+F+R2 / df: 159 / LogL: -3778.201
Partition class_4 / Model: GTR+F+I+R3 / df: 166 / LogL: -41717.466
Partition class_2 / Model: GTR+F+I+R4 / df: 168 / LogL: -167316.669
Partition class_3 / Model: GTR+F+I+R4 / df: 168 / LogL: -120189.813
Optimal log-likelihood: -333002.149
Wrote distance file to... 
--------------------------------------------------------------------
|                SEPARATE TREE SEARCH FOR PARTITIONS               |
--------------------------------------------------------------------
Partition class_1 / Iterations: 424 / LogL: -3755.85 / Time: 0h:0m:42s
Partition class_4 / Iterations: 102 / LogL: -41372.6 / Time: 0h:0m:44s
Partition class_3 / Iterations: 167 / LogL: -120086 / Time: 0h:2m:57s
Partition class_2 / Iterations: 141 / LogL: -166612 / Time: 0h:3m:6s
--------------------------------------------------------------------
|                    FINALIZING TREE SEARCH                        |
--------------------------------------------------------------------
Performs final model parameters optimization
Estimate model parameters (epsilon = 0.010)
Partition class_1 / Model: HKY+F+R2 / df: 159 / LogL: -3755.840
Partition class_3 / Model: GTR+F+I+R4 / df: 168 / LogL: -120086.005
Partition class_4 / Model: GTR+F+I+R3 / df: 166 / LogL: -41372.555
Partition class_2 / Model: GTR+F+I+R4 / df: 168 / LogL: -166611.565
Optimal log-likelihood: -331825.965
Partition information was printed to rates_i0_hmmclasses.best_model.nex
BEST SCORE FOUND : -331825.965
Site log-likelihoods per category printed to rates_i0_hmmclasses.sitelh
Site probabilities per category printed to rates_i0_hmmclasses.siteprob
Total tree length: 17.511

Total number of iterations: 0
CPU time used for tree search: 411.435 sec (0h:6m:51s)
Wall-clock time used for tree search: 177.116 sec (0h:2m:57s)
Total CPU time used: 433.244 sec (0h:7m:13s)
Total wall-clock time used: 190.982 sec (0h:3m:10s)

Analysis results written to: 
  IQ-TREE report:                rates_i0_hmmclasses.iqtree
  Maximum-likelihood tree:       rates_i0_hmmclasses.treefile
  Site log-likelihoods:          rates_i0_hmmclasses.sitelh
  Site probability per rate/mix: rates_i0_hmmclasses.siteprob
  Screen log file:               rates_i0_hmmclasses.log

Date and Time: Tue Aug 23 22:02:10 2022
