IQ-TREE multicore version 2.2.0.7.mix COVID-edition for Linux 64-bit built Aug 19 2022
Developed by Bui Quang Minh, James Barbetti, Nguyen Lam Tung,
Olga Chernomor, Heiko Schmidt, Dominik Schrempf, Michael Woodhams, Ly Trong Nhan.

Host:    pop-os (AVX512, FMA3, 15 GB RAM)
Command: /home/fredjaya/Downloads/iqtree-2.2.0.7.mix-Linux/bin/iqtree2 -s ../2207_lytras/78sarbeco_wgal_fn_gisaid.fas -p /home/fredjaya/GitHub/rec-mast/lytras/rates_i0_rates.nex -m MFP+MERGE -pre rates_i0_partition -alninfo -wslmr -wspmr -nt AUTO -redo
Seed:    597186 (Using SPRNG - Scalable Parallel Random Number Generator)
Time:    Thu Aug 25 18:53:42 2022
Kernel:  AVX+FMA - auto-detect threads (16 CPU cores detected)

Reading partition model file /home/fredjaya/GitHub/rec-mast/lytras/rates_i0_rates.nex ...
Reading alignment file ../2207_lytras/78sarbeco_wgal_fn_gisaid.fas ... Fasta format detected
Reading fasta file: done in 0.0204102 secs using 93.07% CPU
Alignment most likely contains DNA/RNA sequences
Constructing alignment: done in 0.0265177 secs using 774.4% CPU
WARNING: 13 sites contain only gaps or ambiguous characters.
Alignment has 78 sequences with 30956 columns, 12461 distinct patterns
13321 parsimony-informative, 1786 singleton sites, 15848 constant sites
                             Gap/Ambiguity  Composition  p-value
Analyzing sequences: done in 0.000402072 secs using 99.48% CPU
   1  RpShaanxi2011|JX993987         4.75%    failed      0.01%
   2  HuB2013|KJ473814               4.19%    failed      0.15%
   3  279_2005|DQ648857              3.92%    passed      7.86%
   4  Rm1|DQ412043                   3.90%    passed      6.49%
   5  Longquan_140|KF294457          4.13%    passed     46.61%
   6  HKU3-1|DQ022305                3.96%    passed      8.43%
   7  HKU3-3|DQ084200                4.02%    passed      8.17%
   8  HKU3-2|DQ084199                4.10%    passed      5.83%
   9  HKU3-4|GQ153539                4.04%    passed      5.46%
  10  HKU3-6|GQ153541                4.04%    passed      5.25%
  11  HKU3-5|GQ153540                4.04%    passed      5.82%
  12  HKU3-10|GQ153545               4.07%    passed      6.24%
  13  HKU3-9|GQ153544                4.07%    passed      6.39%
  14  HKU3-11|GQ153546               4.07%    passed      6.10%
  15  HKU3-13|GQ153548               4.13%    passed      5.88%
  16  HKU3-12|GQ153547               4.04%    passed     11.84%
  17  HKU3-7|GQ153542                4.00%    passed      7.87%
  18  HKU3-8|GQ153543                4.12%    passed      8.42%
  19  GX2013|KJ473815                5.75%    passed     39.15%
  20  Rp3|DQ071615                   3.94%    passed     28.20%
  21  Rf4092|KY417145                4.02%    failed      1.66%
  22  YN2013|KJ473816                5.86%    passed      9.19%
  23  Anlong-103|KY770858            4.09%    passed     12.23%
  24  Anlong-112|KY770859            4.16%    passed     10.95%
  25  Rs4231|KY417146                3.79%    passed     24.64%
  26  WIV16|KT444582                 2.15%    passed     30.82%
  27  Rs4874|KY417150                2.08%    passed     33.74%
  28  YN2018B|MK211376               2.26%    passed     35.63%
  29  Rs7327|KY417151                2.09%    passed     34.40%
  30  Rs9401|KY417152                3.83%    passed     46.80%
  31  RsSHC014|KC881005              3.78%    passed     27.12%
  32  Rs3367|KC881006                3.76%    passed     49.33%
  33  WIV1|KF367457                  2.09%    passed     55.17%
  34  Rs4084|KY417144                3.83%    passed     21.00%
  35  YN2018C|MK211377               4.09%    passed      7.33%
  36  As6526|KY417142                3.97%    passed      9.57%
  37  Rs4237|KY417147                3.92%    passed     23.15%
  38  Rs4247|KY417148                3.92%    passed     19.04%
  39  YN2018A|MK211375               4.06%    passed     10.99%
  40  YN2018D|MK211378               2.40%    passed     10.98%
  41  Rs4081|KY417143                3.92%    passed      9.91%
  42  Rs4255|KY417149                3.92%    passed     17.49%
  43  Rs672|FJ588686                 6.12%    passed     10.15%
  44  HSZ-Cc|AY394995                3.84%    passed     55.60%
  45  F46|KU973692                   3.98%    passed      5.90%
  46  YNLF_31C|KP886808              3.98%    passed     67.12%
  47  YNLF_34C|KP886809              3.98%    passed     66.92%
  48  LYRa11|KF569996                3.71%    passed     68.53%
  49  Yunnan2011|JX993988            4.86%    passed     41.80%
  50  SC2018|MK211374                4.22%    passed     32.69%
  51  JL2012|KJ473811                6.20%    passed     21.36%
  52  JTMC15|KU182964                7.09%    passed     19.55%
  53  HeB2013|KJ473812               4.88%    passed     18.73%
  54  SX2013|KJ473813                4.83%    passed     20.26%
  55  Jiyuan-84|KY770860             4.21%    passed     10.34%
  56  Rf1|DQ412042                   4.03%    passed      7.56%
  57  CoVZC45|MG772933               3.72%    failed      0.00%
  58  CoVZXC21|MG772934              3.95%    failed      0.00%
  59  PrC31|MW703458                 3.92%    failed      0.00%
  60  Wuhan-Hu-1|MN908947            3.40%    failed      0.00%
  61  RaTG13|MN996532                3.55%    failed      0.00%
  62  RShSTT182|EPI_ISL_852604       3.78%    failed      0.00%
  63  RShSTT200|EPI_ISL_852605       3.76%    failed      0.00%
  64  RmYN02|EPI_ISL_412977          4.15%    failed      0.00%
  65  Pangolin-CoV|EPI_ISL_410721    3.65%    failed      0.00%
  66  RpYN06|MZ081381                3.75%    failed      0.00%
  67  RacCS203|MW251308              3.81%    failed      0.00%
  68  P4L|MT040333                   3.71%    failed      0.00%
  69  P5L|MT040335                   3.71%    failed      0.00%
  70  P5E|MT040336                   3.72%    failed      0.00%
  71  P1E|MT040334                   3.73%    failed      0.00%
  72  P2V|MT072864                   3.78%    failed      0.00%
  73  Rc-o319|LC556375               4.00%    failed      0.98%
  74  BtKY72|KY352407                5.48%    failed      0.00%
  75  BM48-31|NC_014470              5.48%    failed      0.02%
  76  RsYN04|MZ081380                4.02%    failed      3.04%
  77  RmYN05|MZ081376                4.02%    failed      3.00%
  78  RmYN08|MZ081378                4.02%    failed      3.22%
****  TOTAL                          4.03%  25 sequences failed composition chi2 test (p-value<5%; df=3)
NOTE: No CharPartition defined, use all CharSets

Loading 4 partitions...
Subset	Type	Seqs	Sites	Infor	Invar	Model	Name
1		78	1511	78	1314	MFP+MERGE	class_1
2		78	18396	6651	10763	MFP+MERGE	class_2
3		78	9150	5122	3420	MFP+MERGE	class_3
4		78	1899	1470	352	MFP+MERGE	class_4
Degree of missing data: 0.000
Info: multi-threading strategy over partitions

Alignment sites statistics printed to rates_i0_partition.alninfo


Create initial parsimony tree by phylogenetic likelihood library (PLL)... 0.072 seconds
Measuring multi-threading efficiency up to 16 CPU cores
Increase to 10 rounds for branch lengths
12 trees examined
Threads: 1 / Time: 16.740 sec / Speedup: 1.000 / Efficiency: 100% / LogL: -721235
Threads: 2 / Time: 9.964 sec / Speedup: 1.680 / Efficiency: 84% / LogL: -721235
Threads: 3 / Time: 9.200 sec / Speedup: 1.819 / Efficiency: 61% / LogL: -721235
Threads: 4 / Time: 9.299 sec / Speedup: 1.800 / Efficiency: 45% / LogL: -721235
Determining AUTO threadcount: done in 45.232 secs using 223.8% CPU
BEST NUMBER OF THREADS: 3

Perform fast likelihood tree search using GTR+I+G model...
Estimate model parameters (epsilon = 5.000)
Initial log-likelihood: -372855.841
Current log-likelihood at step 1: -348063.056
Current log-likelihood at step 2: -347244.776
Current log-likelihood at step 3: -346788.127
Current log-likelihood at step 4: -346667.955
Current log-likelihood at step 5: -346634.867
Current log-likelihood at step 6: -346605.788
Current log-likelihood at step 7: -346578.300
Current log-likelihood at step 8: -346550.535
Current log-likelihood at step 9: -346519.066
Current log-likelihood at step 10: -346482.638
Current log-likelihood at step 11: -346461.235
Current log-likelihood at step 12: -346454.028
Current log-likelihood at step 13: -346450.077
Parameters optimization took 12 rounds (15.158 sec)

Perform nearest neighbor interchange...
Optimizing NNI: done in 0.654806 secs using 299.7% CPU
Estimate model parameters (epsilon = 1.000)
Initial log-likelihood: -346408.308
Current log-likelihood at step 1: -346405.396
Current log-likelihood at step 2: -346403.675
Current log-likelihood at step 3: -346402.564
Current log-likelihood at step 4: -346401.855
Partition-specific rates:  0.134 0.727 1.173 3.500
Parameters optimization took 3 rounds (2.364 sec)

Time for fast ML tree search: 18.204 seconds

NOTE: ModelFinder requires 329 MB RAM!
NUMBER OF THREADS FOR PARTITION FINDING: 13
Selecting individual models for 4 charsets using BIC...
 No. Model        Score       TreeLen     Charset
   1 GTR+F+I+G4   340459.899  2.851       class_2
   2 GTR+F+I+G4   245002.475  4.603       class_3
   3 GTR+F+I+G4   99539.229   13.740      class_4
   4 GTR+F+I+G4   8170.669    0.473       class_1
Full partition model BIC score: 694827.054 (LnL: -346400.175  df:196)
Merging models to increase model fit (about 13 total partition schemes)...
   5 GTR+F+I+G4   696219.553  9.205       class_1+class_4
   6 GTR+F+I+G4   695431.550  4.261       class_1+class_3
   7 GTR+F+I+G4   697262.509  6.693       class_3+class_4
   8 GTR+F+I+G4   695024.095  2.759       class_1+class_2
   9 GTR+F+I+G4   700090.320  4.243       class_2+class_4
  10 GTR+F+I+G4   696416.448  3.427       class_2+class_3	0h:0m:20s (0h:0m:6s left)
Agglomerative model selection: (class_1,class_2,class_3,class_4)
  11 GTR+F+I+R4   340025.879  class_2	0h:4m:41s (0h:0m:51s left)
  12 GTR+F+I+R4   244733.012  class_3	0h:7m:24s (0h:0m:37s left)
  13 GTR+F+I+R4   99516.793   class_4	0h:8m:6s (0h:0m:0s left)
  14 HKY+F+R2     8119.901    class_1	0h:8m:21s (0h:0m:-36s left)
Best partition model BIC score: 694060.940 (LnL: -345960.246  df:207)
Partition information was printed to rates_i0_partition.best_scheme.nex
Partition information in Raxml format was printed to rates_i0_partition.best_scheme

All model information printed to rates_i0_partition.model.gz
CPU time for ModelFinder: 4245.336 seconds (1h:10m:45s)
Wall-clock time for ModelFinder: 565.021 seconds (0h:9m:25s)

NOTE: 130 MB RAM (0 GB) is required!
Measuring multi-threading efficiency up to 16 CPU cores
Increase to 10 rounds for branch lengths
12 trees examined
Threads: 1 / Time: 16.047 sec / Speedup: 1.000 / Efficiency: 100% / LogL: -740646
Threads: 2 / Time: 8.829 sec / Speedup: 1.818 / Efficiency: 91% / LogL: -740646
Threads: 3 / Time: 8.246 sec / Speedup: 1.946 / Efficiency: 65% / LogL: -740646
Threads: 4 / Time: 8.110 sec / Speedup: 1.979 / Efficiency: 49% / LogL: -740646
Determining AUTO threadcount: done in 41.2582 secs using 219.8% CPU
BEST NUMBER OF THREADS: 3

Estimate model parameters (epsilon = 0.100)
Initial log-likelihood: -345960.247
Current log-likelihood at step 1: -345957.930
Current log-likelihood at step 2: -345957.428
Current log-likelihood at step 3: -345957.230
Current log-likelihood at step 4: -345957.076
Current log-likelihood at step 5: -345956.946
Current log-likelihood at step 6: -345956.823
Current log-likelihood at step 7: -345956.715
Current log-likelihood at step 8: -345956.616
Partition-specific rates:  0.127 0.711 1.147 3.784
Parameters optimization took 7 rounds (6.625 sec)

Wrote distance file to... 
Computing ML distances based on estimated model parameters...
Calculating distance matrix: done in 0.000205805 secs using 3412% CPU
Computing ML distances took 0.000242 sec (of wall-clock time) 0.007063 sec (of CPU time)
Setting up auxiliary I and S matrices: done in 0.000102868 secs using 271.2% CPU
Constructing RapidNJ tree: done in 0.00632774 secs using 216.1% CPU
Computing RapidNJ tree took 0.006495 sec (of wall-clock time) 0.014048 sec (of CPU time)
Log-likelihood of RapidNJ tree: -659915.212
--------------------------------------------------------------------
|             INITIALIZING CANDIDATE TREE SET                      |
--------------------------------------------------------------------
Generating 98 parsimony trees... 8.316 second
Computing log-likelihood of 98 initial trees ... 8.724 seconds
Current best score: -345956.616

Do NNI search on 20 best initial trees
Optimizing NNI: done in 0.430007 secs using 297.4% CPU
Estimate model parameters (epsilon = 0.100)
Initial log-likelihood: -345956.616
Current log-likelihood at step 1: -345956.520
Parameters optimization took 0 rounds (0.897 sec)

BETTER TREE FOUND at iteration 1: -345956.520
Optimizing NNI: done in 1.01367 secs using 299.3% CPU
Estimate model parameters (epsilon = 0.100)
Initial log-likelihood: -345741.535
Current log-likelihood at step 1: -345730.655
Current log-likelihood at step 2: -345730.080
Current log-likelihood at step 3: -345729.722
Current log-likelihood at step 4: -345729.411
Current log-likelihood at step 5: -345729.127
Current log-likelihood at step 6: -345728.879
Current log-likelihood at step 7: -345728.642
Current log-likelihood at step 8: -345728.437
Current log-likelihood at step 9: -345728.242
Current log-likelihood at step 10: -345728.072
Current log-likelihood at step 11: -345727.904
Current log-likelihood at step 12: -345727.762
Current log-likelihood at step 13: -345727.634
Current log-likelihood at step 14: -345727.522
Current log-likelihood at step 15: -345727.416
Current log-likelihood at step 16: -345727.331
Parameters optimization took 15 rounds (11.886 sec)

BETTER TREE FOUND at iteration 2: -345727.331
Optimizing NNI: done in 0.802264 secs using 299.4% CPU
Optimizing NNI: done in 0.629443 secs using 300.1% CPU
Optimizing NNI: done in 0.824726 secs using 298.3% CPU
Optimizing NNI: done in 0.913472 secs using 299.1% CPU
Optimizing NNI: done in 0.809049 secs using 299.7% CPU
Optimizing NNI: done in 0.650708 secs using 297.3% CPU
Optimizing NNI: done in 0.86188 secs using 299.5% CPU
Optimizing NNI: done in 0.97488 secs using 298.4% CPU
Iteration 10 / LogL: -345728.223 / Time: 0h:1m:27s
Optimizing NNI: done in 0.851394 secs using 300.1% CPU
Optimizing NNI: done in 0.779003 secs using 299.2% CPU
Optimizing NNI: done in 1.22058 secs using 299.2% CPU
Optimizing NNI: done in 0.942129 secs using 300.3% CPU
Optimizing NNI: done in 0.73987 secs using 299.4% CPU
Optimizing NNI: done in 0.973978 secs using 299.1% CPU
Optimizing NNI: done in 0.926211 secs using 299.5% CPU
Optimizing NNI: done in 0.827393 secs using 300.1% CPU
Optimizing NNI: done in 0.645807 secs using 300.7% CPU
Optimizing NNI: done in 0.641894 secs using 298.7% CPU
Iteration 20 / LogL: -345989.641 / Time: 0h:1m:36s
Finish initializing candidate tree set (6)
Current best tree score: -345727.331 / CPU time: 46.606
Number of iterations: 20
--------------------------------------------------------------------
|               OPTIMIZING CANDIDATE TREE SET                      |
--------------------------------------------------------------------
Optimizing NNI: done in 1.71241 secs using 299.2% CPU
Optimizing NNI: done in 1.53448 secs using 298.8% CPU
Optimizing NNI: done in 1.55435 secs using 299.4% CPU
Optimizing NNI: done in 1.58841 secs using 298.9% CPU
Optimizing NNI: done in 1.96779 secs using 299.6% CPU
Optimizing NNI: done in 1.54313 secs using 299.5% CPU
Optimizing NNI: done in 1.63904 secs using 298.4% CPU
Optimizing NNI: done in 1.69344 secs using 299.8% CPU
Optimizing NNI: done in 1.55362 secs using 299% CPU
Optimizing NNI: done in 1.91167 secs using 300% CPU
Iteration 30 / LogL: -345752.890 / Time: 0h:1m:53s (0h:4m:40s left)
Optimizing NNI: done in 1.53018 secs using 299.7% CPU
Optimizing NNI: done in 2.1366 secs using 300.1% CPU
Optimizing NNI: done in 1.82602 secs using 298.6% CPU
Optimizing NNI: done in 2.13688 secs using 298.9% CPU
Optimizing NNI: done in 1.88945 secs using 299.8% CPU
Optimizing NNI: done in 1.83761 secs using 298% CPU
Optimizing NNI: done in 1.72357 secs using 299.1% CPU
Optimizing NNI: done in 1.94972 secs using 298.3% CPU
Optimizing NNI: done in 1.51191 secs using 299.1% CPU
Optimizing NNI: done in 1.8467 secs using 299.4% CPU
Iteration 40 / LogL: -345868.447 / Time: 0h:2m:11s (0h:3m:29s left)
Optimizing NNI: done in 1.42316 secs using 299.2% CPU
Optimizing NNI: done in 1.94994 secs using 299.3% CPU
Optimizing NNI: done in 1.64692 secs using 298.9% CPU
Optimizing NNI: done in 1.5179 secs using 298.6% CPU
Optimizing NNI: done in 2.21565 secs using 299.3% CPU
Optimizing NNI: done in 1.65652 secs using 298.7% CPU
Optimizing NNI: done in 1.6982 secs using 299.7% CPU
Optimizing NNI: done in 1.38757 secs using 298.8% CPU
Optimizing NNI: done in 1.45535 secs using 298.7% CPU
Optimizing NNI: done in 1.58741 secs using 298.5% CPU
Iteration 50 / LogL: -345727.931 / Time: 0h:2m:28s (0h:2m:37s left)
Optimizing NNI: done in 1.33317 secs using 299.5% CPU
Optimizing NNI: done in 1.69861 secs using 298.9% CPU
Optimizing NNI: done in 1.59828 secs using 298.8% CPU
Optimizing NNI: done in 1.33044 secs using 298.6% CPU
Optimizing NNI: done in 1.70046 secs using 298.8% CPU
Optimizing NNI: done in 1.52108 secs using 299.7% CPU
Optimizing NNI: done in 1.52993 secs using 298.3% CPU
Optimizing NNI: done in 1.42262 secs using 298.9% CPU
Estimate model parameters (epsilon = 0.100)
Initial log-likelihood: -345720.220
Current log-likelihood at step 1: -345718.854
Current log-likelihood at step 2: -345718.687
Current log-likelihood at step 3: -345718.581
Current log-likelihood at step 4: -345718.486
Parameters optimization took 3 rounds (3.303 sec)

UPDATE BEST LOG-LIKELIHOOD: -345718.486
Optimizing NNI: done in 1.81536 secs using 298.7% CPU
Optimizing NNI: done in 1.43892 secs using 299.1% CPU
Iteration 60 / LogL: -345719.326 / Time: 0h:2m:47s (0h:1m:59s left)
Optimizing NNI: done in 1.50495 secs using 298.9% CPU
Optimizing NNI: done in 1.37414 secs using 298.9% CPU
Optimizing NNI: done in 1.69676 secs using 299.3% CPU
Optimizing NNI: done in 1.43263 secs using 299.6% CPU
Optimizing NNI: done in 1.87232 secs using 299.3% CPU
Optimizing NNI: done in 1.72755 secs using 299.3% CPU
Optimizing NNI: done in 1.24954 secs using 299% CPU
Optimizing NNI: done in 2.0234 secs using 298.1% CPU
Optimizing NNI: done in 1.46927 secs using 299.5% CPU
Optimizing NNI: done in 1.70379 secs using 298.6% CPU
Iteration 70 / LogL: -345733.488 / Time: 0h:3m:3s (0h:1m:25s left)
Optimizing NNI: done in 1.55063 secs using 299.6% CPU
Optimizing NNI: done in 1.51451 secs using 299.6% CPU
Optimizing NNI: done in 1.87235 secs using 298.9% CPU
Optimizing NNI: done in 1.4639 secs using 299.4% CPU
Optimizing NNI: done in 1.56406 secs using 299.4% CPU
Optimizing NNI: done in 1.07943 secs using 298.9% CPU
Optimizing NNI: done in 1.38424 secs using 299.3% CPU
Optimizing NNI: done in 1.53743 secs using 299.4% CPU
Optimizing NNI: done in 1.42804 secs using 298.2% CPU
Optimizing NNI: done in 1.82754 secs using 299.1% CPU
Iteration 80 / LogL: -346317.420 / Time: 0h:3m:18s (0h:0m:55s left)
Optimizing NNI: done in 1.81032 secs using 299.7% CPU
Optimizing NNI: done in 1.71066 secs using 298.9% CPU
Optimizing NNI: done in 1.76202 secs using 298.8% CPU
Optimizing NNI: done in 1.39926 secs using 298.3% CPU
Optimizing NNI: done in 1.79873 secs using 298.9% CPU
Optimizing NNI: done in 1.34613 secs using 298.4% CPU
Optimizing NNI: done in 1.50467 secs using 299.6% CPU
Optimizing NNI: done in 1.7938 secs using 299% CPU
Optimizing NNI: done in 1.4363 secs using 299% CPU
Optimizing NNI: done in 1.67125 secs using 299.2% CPU
Iteration 90 / LogL: -345732.977 / Time: 0h:3m:35s (0h:0m:29s left)
Optimizing NNI: done in 1.45631 secs using 298.7% CPU
Optimizing NNI: done in 1.45143 secs using 298.6% CPU
Optimizing NNI: done in 1.65019 secs using 298.5% CPU
Optimizing NNI: done in 1.33694 secs using 299.5% CPU
Optimizing NNI: done in 1.55537 secs using 298.5% CPU
Optimizing NNI: done in 1.58152 secs using 299.2% CPU
Optimizing NNI: done in 1.14956 secs using 299% CPU
Optimizing NNI: done in 1.56964 secs using 299% CPU
Optimizing NNI: done in 1.79325 secs using 299.1% CPU
Optimizing NNI: done in 1.53947 secs using 298.7% CPU
Iteration 100 / LogL: -345727.856 / Time: 0h:3m:50s (0h:0m:4s left)
Optimizing NNI: done in 1.61982 secs using 298.9% CPU
Optimizing NNI: done in 1.51051 secs using 298% CPU
Optimizing NNI: done in 1.52189 secs using 299.4% CPU
TREE SEARCH COMPLETED AFTER 103 ITERATIONS / Time: 0h:3m:55s

--------------------------------------------------------------------
|                    FINALIZING TREE SEARCH                        |
--------------------------------------------------------------------
Performs final model parameters optimization
Estimate model parameters (epsilon = 0.010)
Initial log-likelihood: -345718.486
Current log-likelihood at step 1: -345718.413
Current log-likelihood at step 2: -345718.337
Current log-likelihood at step 3: -345718.271
Current log-likelihood at step 4: -345718.220
Current log-likelihood at step 5: -345718.179
Current log-likelihood at step 6: -345718.135
Current log-likelihood at step 7: -345718.092
Current log-likelihood at step 8: -345718.053
Current log-likelihood at step 9: -345718.015
Current log-likelihood at step 10: -345717.975
Current log-likelihood at step 11: -345717.937
Current log-likelihood at step 12: -345717.907
Current log-likelihood at step 13: -345717.876
Current log-likelihood at step 14: -345717.849
Current log-likelihood at step 15: -345717.821
Current log-likelihood at step 16: -345717.796
Current log-likelihood at step 17: -345717.772
Current log-likelihood at step 18: -345717.742
Current log-likelihood at step 19: -345717.714
Current log-likelihood at step 20: -345717.689
Current log-likelihood at step 21: -345717.659
Current log-likelihood at step 22: -345717.636
Current log-likelihood at step 23: -345717.608
Current log-likelihood at step 24: -345717.582
Current log-likelihood at step 25: -345717.560
Current log-likelihood at step 26: -345717.536
Current log-likelihood at step 27: -345717.516
Current log-likelihood at step 28: -345717.497
Current log-likelihood at step 29: -345717.474
Current log-likelihood at step 30: -345717.458
Current log-likelihood at step 31: -345717.443
Current log-likelihood at step 32: -345717.427
Current log-likelihood at step 33: -345717.415
Current log-likelihood at step 34: -345717.401
Current log-likelihood at step 35: -345717.388
Current log-likelihood at step 36: -345717.376
Current log-likelihood at step 37: -345717.361
Current log-likelihood at step 38: -345717.349
Current log-likelihood at step 39: -345717.334
Current log-likelihood at step 40: -345717.322
Current log-likelihood at step 41: -345717.310
Current log-likelihood at step 42: -345717.298
Current log-likelihood at step 43: -345717.286
Current log-likelihood at step 44: -345717.274
Current log-likelihood at step 45: -345717.263
Current log-likelihood at step 46: -345717.252
Current log-likelihood at step 47: -345717.239
Current log-likelihood at step 48: -345717.224
Current log-likelihood at step 49: -345717.209
Current log-likelihood at step 50: -345717.193
Current log-likelihood at step 51: -345717.179
Current log-likelihood at step 52: -345717.163
Current log-likelihood at step 53: -345717.152
Current log-likelihood at step 54: -345717.140
Current log-likelihood at step 55: -345717.128
Current log-likelihood at step 56: -345717.120
Partition-specific rates:  0.129 0.722 1.182 3.509
Parameters optimization took 55 rounds (29.762 sec)

Partition information was printed to rates_i0_partition.best_model.nex
BEST SCORE FOUND : -345717.120
Site log-likelihoods per category printed to rates_i0_partition.sitelh
WARNING: Switch now to '-wspr' as it is the only option for non-mixture model
Site probabilities per category printed to rates_i0_partition.siteprob
Total tree length: 3.836

Total number of iterations: 103
CPU time used for tree search: 530.200 sec (0h:8m:50s)
Wall-clock time used for tree search: 185.604 sec (0h:3m:5s)
Total CPU time used: 713.971 sec (0h:11m:53s)
Total wall-clock time used: 265.086 sec (0h:4m:25s)

Analysis results written to: 
  IQ-TREE report:                rates_i0_partition.iqtree
  Maximum-likelihood tree:       rates_i0_partition.treefile
  Likelihood distances:          rates_i0_partition.mldist
  Best partitioning scheme:      rates_i0_partition.best_scheme.nex
           in RAxML format:      rates_i0_partition.best_scheme
  Site log-likelihoods:          rates_i0_partition.sitelh
  Site probability per rate/mix: rates_i0_partition.siteprob
  Screen log file:               rates_i0_partition.log

Date and Time: Thu Aug 25 19:07:32 2022
